--------------------------------------------------------------------------------
Release 14.7 Trace  (nt64)
Copyright (c) 1995-2013 Xilinx, Inc.  All rights reserved.

C:\Xilinx\14.7\ISE_DS\ISE\bin\nt64\unwrapped\trce.exe -intstyle ise -v 3 -s 3
-n 3 -fastpaths -xml SRM_top.twx SRM_top.ncd -o SRM_top.twr SRM_top.pcf -ucf
restricciones.ucf

Design file:              SRM_top.ncd
Physical constraint file: SRM_top.pcf
Device,package,speed:     xc6slx9,ftg256,C,-3 (PRODUCTION 1.23 2013-10-13)
Report level:             verbose report

Environment Variable      Effect 
--------------------      ------ 
NONE                      No environment variables were set
--------------------------------------------------------------------------------

INFO:Timing:2698 - No timing constraints found, doing default enumeration.
INFO:Timing:3412 - To improve timing, see the Timing Closure User Guide (UG612).
INFO:Timing:2752 - To get complete path coverage, use the unconstrained paths 
   option. All paths that are not constrained will be reported in the 
   unconstrained paths section(s) of the report.
INFO:Timing:3339 - The clock-to-out numbers in this timing report are based on 
   a 50 Ohm transmission line loading model.  For the details of this model, 
   and for more information on accounting for different loading conditions, 
   please see the device datasheet.



Data Sheet report:
-----------------
All values displayed in nanoseconds (ns)

Setup/Hold to clock CLK
------------+------------+------------+------------+------------+------------------+--------+
            |Max Setup to|  Process   |Max Hold to |  Process   |                  | Clock  |
Source      | clk (edge) |   Corner   | clk (edge) |   Corner   |Internal Clock(s) | Phase  |
------------+------------+------------+------------+------------+------------------+--------+
COLUMNAS<0> |    2.032(R)|      SLOW  |   -0.664(R)|      SLOW  |CLK_BUFGP         |   0.000|
COLUMNAS<1> |    1.984(R)|      SLOW  |   -0.206(R)|      SLOW  |CLK_BUFGP         |   0.000|
COLUMNAS<2> |    1.872(R)|      SLOW  |   -0.101(R)|      SLOW  |CLK_BUFGP         |   0.000|
COLUMNAS<3> |    1.974(R)|      SLOW  |   -0.309(R)|      SLOW  |CLK_BUFGP         |   0.000|
------------+------------+------------+------------+------------+------------------+--------+

Clock CLK to Pad
------------+-----------------+------------+-----------------+------------+------------------+--------+
            |Max (slowest) clk|  Process   |Min (fastest) clk|  Process   |                  | Clock  |
Destination |  (edge) to PAD  |   Corner   |  (edge) to PAD  |   Corner   |Internal Clock(s) | Phase  |
------------+-----------------+------------+-----------------+------------+------------------+--------+
FILAS<0>    |         7.245(R)|      SLOW  |         3.760(R)|      FAST  |CLK_BUFGP         |   0.000|
FILAS<1>    |         7.876(R)|      SLOW  |         4.216(R)|      FAST  |CLK_BUFGP         |   0.000|
FILAS<2>    |         7.807(R)|      SLOW  |         4.147(R)|      FAST  |CLK_BUFGP         |   0.000|
FILAS<3>    |         8.219(R)|      SLOW  |         4.362(R)|      FAST  |CLK_BUFGP         |   0.000|
------------+-----------------+------------+-----------------+------------+------------------+--------+

Clock to Setup on destination clock CLK
---------------+---------+---------+---------+---------+
               | Src:Rise| Src:Fall| Src:Rise| Src:Fall|
Source Clock   |Dest:Rise|Dest:Rise|Dest:Fall|Dest:Fall|
---------------+---------+---------+---------+---------+
CLK            |    3.270|         |         |         |
---------------+---------+---------+---------+---------+


Analysis completed Tue Apr 05 18:38:37 2022 
--------------------------------------------------------------------------------

Trace Settings:
-------------------------
Trace Settings 

Peak Memory Usage: 4570 MB



